================================ 
Started: mán. 09.03.2026  9:05:01,04 
── Attaching core tidyverse packages ──────────────────────── tidyverse 2.0.0 ──
✔ dplyr     1.2.0     ✔ readr     2.2.0
✔ forcats   1.0.1     ✔ stringr   1.6.0
✔ ggplot2   4.0.2     ✔ tibble    3.3.1
✔ lubridate 1.9.5     ✔ tidyr     1.3.2
✔ purrr     1.2.1     
── Conflicts ────────────────────────────────────────── tidyverse_conflicts() ──
✖ dplyr::filter() masks stats::filter()
✖ dplyr::lag()    masks stats::lag()
ℹ Use the conflicted package (<http://conflicted.r-lib.org/>) to force all conflicts to become errors
Warning messages:
1: package 'ggplot2' was built under R version 4.5.2 
2: package 'tibble' was built under R version 4.5.2 
3: package 'tidyr' was built under R version 4.5.2 
4: package 'readr' was built under R version 4.5.2 
5: package 'purrr' was built under R version 4.5.2 
6: package 'dplyr' was built under R version 4.5.2 
7: package 'stringr' was built under R version 4.5.2 
8: package 'forcats' was built under R version 4.5.2 
9: package 'lubridate' was built under R version 4.5.2 

Attaching package: 'zoo'

The following objects are masked from 'package:base':

    as.Date, as.Date.numeric

Warning message:
package 'zoo' was built under R version 4.5.2 
Warning message:
package 'tempdisagg' was built under R version 4.5.2 

Attaching package: 'janitor'

The following objects are masked from 'package:stats':

    chisq.test, fisher.test

Warning message:
package 'chromote' was built under R version 4.5.2 

Attaching package: 'rvest'

The following object is masked from 'package:readr':

    guess_encoding

Warning message:
package 'rvest' was built under R version 4.5.1 
Warning message:
package 'timetk' was built under R version 4.5.1 
Error in library(YieldCurve) : there is no package called 'YieldCurve'
Execution halted
Exit code: 1 
Finished: mán. 09.03.2026  9:05:05,17 
